[
  {
    "level": "INFO",
    "message": "android.ndkVersion from module build.gradle is not set"
  },
  {
    "level": "INFO",
    "message": "ndk.dir in local.properties is not set"
  },
  {
    "level": "INFO",
    "message": "ANDROID_NDK_HOME environment variable is C:\\Users\\admin\\AppData\\Local\\Android\\Sdk\\ndk\\21.4.7075529"
  },
  {
    "level": "INFO",
    "message": "sdkFolder is C:\\Users\\admin\\AppData\\Local\\Android\\Sdk"
  },
  {
    "level": "WARN",
    "message": "Support for ANDROID_NDK_HOME is deprecated and will be removed in the future. Use android.ndkVersion in build.gradle instead."
  },
  {
    "level": "INFO",
    "message": "Considering C:\\Users\\admin\\AppData\\Local\\Android\\Sdk\\ndk\\21.4.7075529 by ANDROID_NDK_HOME"
  },
  {
    "level": "INFO",
    "message": "Considering C:\\Users\\admin\\AppData\\Local\\Android\\Sdk\\ndk-bundle in SDK ndk-bundle folder"
  },
  {
    "level": "INFO",
    "message": "Considering C:\\Users\\admin\\AppData\\Local\\Android\\Sdk\\ndk\\21.4.7075529 in SDK ndk folder"
  },
  {
    "level": "INFO",
    "message": "Considering C:\\Users\\admin\\AppData\\Local\\Android\\Sdk\\ndk\\25.1.8937393 in SDK ndk folder"
  },
  {
    "level": "INFO",
    "message": "No user requested version, choosing C:\\Users\\admin\\AppData\\Local\\Android\\Sdk\\ndk\\25.1.8937393 which is version 25.1.8937393"
  }
]